Performing C SOURCE FILE Test CMAKE_HAVE_LIBC_PTHREAD failed with the following output:
Change Dir: /home/boychen/Desktop/R-DAP/follow_person/ros_ws/build/CMakeFiles/CMakeTmp

Run Build Command(s):/usr/bin/make -f Makefile cmTC_44924/fast && /usr/bin/make  -f CMakeFiles/cmTC_44924.dir/build.make CMakeFiles/cmTC_44924.dir/build
make[1]: 進入目錄「/home/boychen/Desktop/R-DAP/follow_person/ros_ws/build/CMakeFiles/CMakeTmp」
Building C object CMakeFiles/cmTC_44924.dir/src.c.o
/usr/bin/cc -DCMAKE_HAVE_LIBC_PTHREAD   -o CMakeFiles/cmTC_44924.dir/src.c.o -c /home/boychen/Desktop/R-DAP/follow_person/ros_ws/build/CMakeFiles/CMakeTmp/src.c
Linking C executable cmTC_44924
/usr/local/bin/cmake -E cmake_link_script CMakeFiles/cmTC_44924.dir/link.txt --verbose=1
/usr/bin/cc -rdynamic CMakeFiles/cmTC_44924.dir/src.c.o -o cmTC_44924 
/usr/bin/ld: CMakeFiles/cmTC_44924.dir/src.c.o: in function `main':
src.c:(.text+0x46): undefined reference to `pthread_create'
/usr/bin/ld: src.c:(.text+0x52): undefined reference to `pthread_detach'
/usr/bin/ld: src.c:(.text+0x5e): undefined reference to `pthread_cancel'
/usr/bin/ld: src.c:(.text+0x6f): undefined reference to `pthread_join'
collect2: error: ld returned 1 exit status
make[1]: *** [CMakeFiles/cmTC_44924.dir/build.make:99：cmTC_44924] 錯誤 1
make[1]: 離開目錄「/home/boychen/Desktop/R-DAP/follow_person/ros_ws/build/CMakeFiles/CMakeTmp」
make: *** [Makefile:127：cmTC_44924/fast] 錯誤 2


Source file was:
#include <pthread.h>

static void* test_func(void* data)
{
  return data;
}

int main(void)
{
  pthread_t thread;
  pthread_create(&thread, NULL, test_func, NULL);
  pthread_detach(thread);
  pthread_cancel(thread);
  pthread_join(thread, NULL);
  pthread_atfork(NULL, NULL, NULL);
  pthread_exit(NULL);

  return 0;
}

Determining if the function pthread_create exists in the pthreads failed with the following output:
Change Dir: /home/boychen/Desktop/R-DAP/follow_person/ros_ws/build/CMakeFiles/CMakeTmp

Run Build Command(s):/usr/bin/make -f Makefile cmTC_5f164/fast && /usr/bin/make  -f CMakeFiles/cmTC_5f164.dir/build.make CMakeFiles/cmTC_5f164.dir/build
make[1]: 進入目錄「/home/boychen/Desktop/R-DAP/follow_person/ros_ws/build/CMakeFiles/CMakeTmp」
Building C object CMakeFiles/cmTC_5f164.dir/CheckFunctionExists.c.o
/usr/bin/cc   -DCHECK_FUNCTION_EXISTS=pthread_create -o CMakeFiles/cmTC_5f164.dir/CheckFunctionExists.c.o -c /usr/local/share/cmake-3.24/Modules/CheckFunctionExists.c
Linking C executable cmTC_5f164
/usr/local/bin/cmake -E cmake_link_script CMakeFiles/cmTC_5f164.dir/link.txt --verbose=1
/usr/bin/cc  -DCHECK_FUNCTION_EXISTS=pthread_create -rdynamic CMakeFiles/cmTC_5f164.dir/CheckFunctionExists.c.o -o cmTC_5f164  -lpthreads 
/usr/bin/ld: 找不到 -lpthreads
collect2: error: ld returned 1 exit status
make[1]: *** [CMakeFiles/cmTC_5f164.dir/build.make:99：cmTC_5f164] 錯誤 1
make[1]: 離開目錄「/home/boychen/Desktop/R-DAP/follow_person/ros_ws/build/CMakeFiles/CMakeTmp」
make: *** [Makefile:127：cmTC_5f164/fast] 錯誤 2



Determining if the function sgemm_ exists failed with the following output:
Change Dir: /home/boychen/Desktop/R-DAP/follow_person/ros_ws/build/CMakeFiles/CMakeTmp

Run Build Command(s):/usr/bin/make -f Makefile cmTC_53b09/fast && /usr/bin/make  -f CMakeFiles/cmTC_53b09.dir/build.make CMakeFiles/cmTC_53b09.dir/build
make[1]: 進入目錄「/home/boychen/Desktop/R-DAP/follow_person/ros_ws/build/CMakeFiles/CMakeTmp」
Building C object CMakeFiles/cmTC_53b09.dir/CheckFunctionExists.c.o
/usr/bin/cc   -DCHECK_FUNCTION_EXISTS=sgemm_ -o CMakeFiles/cmTC_53b09.dir/CheckFunctionExists.c.o -c /usr/local/share/cmake-3.24/Modules/CheckFunctionExists.c
Linking C executable cmTC_53b09
/usr/local/bin/cmake -E cmake_link_script CMakeFiles/cmTC_53b09.dir/link.txt --verbose=1
/usr/bin/cc  -DCHECK_FUNCTION_EXISTS=sgemm_ CMakeFiles/cmTC_53b09.dir/CheckFunctionExists.c.o -o cmTC_53b09 
/usr/bin/ld: CMakeFiles/cmTC_53b09.dir/CheckFunctionExists.c.o: in function `main':
CheckFunctionExists.c:(.text+0x14): undefined reference to `sgemm_'
collect2: error: ld returned 1 exit status
make[1]: *** [CMakeFiles/cmTC_53b09.dir/build.make:99：cmTC_53b09] 錯誤 1
make[1]: 離開目錄「/home/boychen/Desktop/R-DAP/follow_person/ros_ws/build/CMakeFiles/CMakeTmp」
make: *** [Makefile:127：cmTC_53b09/fast] 錯誤 2



Determining if the include file pgm.h exists failed with the following output:
Change Dir: /home/boychen/Desktop/R-DAP/follow_person/ros_ws/build/CMakeFiles/CMakeTmp

Run Build Command(s):/usr/bin/make -f Makefile cmTC_6180f/fast && make[1]: 進入目錄「/home/boychen/Desktop/R-DAP/follow_person/ros_ws/build/CMakeFiles/CMakeTmp」
/usr/bin/make  -f CMakeFiles/cmTC_6180f.dir/build.make CMakeFiles/cmTC_6180f.dir/build
make[2]: 進入目錄「/home/boychen/Desktop/R-DAP/follow_person/ros_ws/build/CMakeFiles/CMakeTmp」
Building CXX object CMakeFiles/cmTC_6180f.dir/CheckIncludeFile.cxx.o
/usr/bin/c++    -o CMakeFiles/cmTC_6180f.dir/CheckIncludeFile.cxx.o -c /home/boychen/Desktop/R-DAP/follow_person/ros_ws/build/CMakeFiles/CMakeTmp/CheckIncludeFile.cxx
/home/boychen/Desktop/R-DAP/follow_person/ros_ws/build/CMakeFiles/CMakeTmp/CheckIncludeFile.cxx:1:10: fatal error: pgm.h: 沒有此一檔案或目錄
    1 | #include <pgm.h>
      |          ^~~~~~~
compilation terminated.
make[2]: *** [CMakeFiles/cmTC_6180f.dir/build.make:78：CMakeFiles/cmTC_6180f.dir/CheckIncludeFile.cxx.o] 錯誤 1
make[2]: 離開目錄「/home/boychen/Desktop/R-DAP/follow_person/ros_ws/build/CMakeFiles/CMakeTmp」
make[1]: *** [Makefile:127：cmTC_6180f/fast] 錯誤 2
make[1]: 離開目錄「/home/boychen/Desktop/R-DAP/follow_person/ros_ws/build/CMakeFiles/CMakeTmp」



